F:\VS2012_PROJECT\HUIBEN2_0\DSPLIB\DEBUG\C_BMP.OBJ
F:\VS2012_PROJECT\HUIBEN2_0\DSPLIB\DEBUG\HANMMINGMATCH.OBJ
F:\VS2012_PROJECT\HUIBEN2_0\DSPLIB\DEBUG\HUIBEN.OBJ
F:\VS2012_PROJECT\HUIBEN2_0\DSPLIB\DEBUG\IDENTIFYPICTURES.OBJ
F:\VS2012_PROJECT\HUIBEN2_0\DSPLIB\DEBUG\VC110.PDB
F:\VS2012_PROJECT\HUIBEN2_0\DSPLIB\DEBUG\MKDIR_IO.OBJ
F:\VS2012_PROJECT\HUIBEN2_0\DEBUG\DSPLIB.LIB
F:\VS2012_project\huiben2_0\dsplib\Debug\c_bmp.obj
F:\VS2012_project\huiben2_0\dsplib\Debug\hanmmingmatch.obj
F:\VS2012_project\huiben2_0\dsplib\Debug\huiben.obj
F:\VS2012_project\huiben2_0\dsplib\Debug\identifyPictures.obj
F:\VS2012_project\huiben2_0\dsplib\Debug\mkdir_io.obj
F:\VS2012_project\huiben2_0\dsplib\Debug\cl.command.1.tlog
F:\VS2012_project\huiben2_0\dsplib\Debug\CL.read.1.tlog
F:\VS2012_project\huiben2_0\dsplib\Debug\CL.write.1.tlog
F:\VS2012_project\huiben2_0\dsplib\Debug\Lib-link.read.1.tlog
F:\VS2012_project\huiben2_0\dsplib\Debug\Lib-link.write.1.tlog
F:\VS2012_project\huiben2_0\dsplib\Debug\lib.command.1.tlog
F:\VS2012_project\huiben2_0\dsplib\Debug\vc110.idb
F:\VS2012_project\huiben2_0\dsplib\Debug\vc110.pdb
F:\VS2012_project\huiben2_0\Debug\dsplib.lib
