生成启动时间为 2019/4/9 16:48:05。
     1>项目“F:\VS2012_project\huiben2_0\dsplib\dsplib.vcxproj”在节点 2 上(Rebuild 个目标)。
     1>ClCompile:
         F:\Program Files (x86)\Microsoft Visual Studio 11.0\VC\bin\CL.exe /c /ZI /nologo /W3 /WX- /sdl /Od /Oy- /D WIN32 /D _DEBUG /D _LIB /D _UNICODE /D UNICODE /D _CRT_SECURE_NO_WARNINGS /Gm /EHsc /RTC1 /MDd /GS /fp:precise /Zc:wchar_t /Zc:forScope /Fo"Debug\\" /Fd"Debug\vc110.pdb" /Gd /TP /analyze- /errorReport:prompt ..\source\dsplib\c_bmp.cpp ..\source\dsplib\hanmmingmatch.cpp ..\source\dsplib\huiben.cpp ..\source\dsplib\identifyPictures.cpp
         identifyPictures.cpp
         huiben.cpp
         hanmmingmatch.cpp
         c_bmp.cpp
         正在生成代码...
         F:\Program Files (x86)\Microsoft Visual Studio 11.0\VC\bin\CL.exe /c /ZI /nologo /W3 /WX- /sdl /Od /Oy- /D WIN32 /D _DEBUG /D _LIB /D _UNICODE /D UNICODE /D _CRT_SECURE_NO_WARNINGS /Gm /EHsc /RTC1 /MDd /GS /fp:precise /Zc:wchar_t /Zc:forScope /Fo"Debug\\" /Fd"Debug\vc110.pdb" /Gd /TC /analyze- /errorReport:prompt ..\source\dsplib\mkdir_io.c
         mkdir_io.c
       Lib:
         F:\Program Files (x86)\Microsoft Visual Studio 11.0\VC\bin\Lib.exe /OUT:"F:\VS2012_project\huiben2_0\Debug\dsplib.lib" /NOLOGO Debug\c_bmp.obj
         Debug\hanmmingmatch.obj
         Debug\huiben.obj
         Debug\identifyPictures.obj
         Debug\mkdir_io.obj
         dsplib.vcxproj -> F:\VS2012_project\huiben2_0\Debug\dsplib.lib
     1>已完成生成项目“F:\VS2012_project\huiben2_0\dsplib\dsplib.vcxproj”(Rebuild 个目标)的操作。

生成成功。

已用时间 00:00:01.98
