F:\VS2012_PROJECT\HUIBEN2_0\TRAN\DEBUG\PICDATA.OBJ
F:\VS2012_PROJECT\HUIBEN2_0\TRAN\DEBUG\RESIZEPIC.OBJ
F:\VS2012_PROJECT\HUIBEN2_0\TRAN\DEBUG\IMAGEHALFSAMPLE.OBJ
F:\VS2012_PROJECT\HUIBEN2_0\TRAN\DEBUG\IMAGECONVERTER.OBJ
F:\VS2012_PROJECT\HUIBEN2_0\TRAN\DEBUG\MATCHWITHIMAGESHOW.OBJ
F:\VS2012_PROJECT\HUIBEN2_0\TRAN\DEBUG\C_BMP.OBJ
F:\VS2012_PROJECT\HUIBEN2_0\TRAN\DEBUG\HANMMINGMATCH.OBJ
F:\VS2012_PROJECT\HUIBEN2_0\TRAN\DEBUG\MATCHDESTINATION_MAIN.OBJ
F:\VS2012_PROJECT\HUIBEN2_0\TRAN\DEBUG\PC_HUIBEN.OBJ
F:\VS2012_PROJECT\HUIBEN2_0\TRAN\DEBUG\PC_DSPLIB.OBJ
F:\VS2012_PROJECT\HUIBEN2_0\TRAN\DEBUG\TRAINTEMPLATE_MAIN.OBJ
F:\VS2012_PROJECT\HUIBEN2_0\TRAN\DEBUG\TRAN.OBJ
F:\VS2012_PROJECT\HUIBEN2_0\TRAN\DEBUG\VC110.PDB
F:\VS2012_PROJECT\HUIBEN2_0\TRAN\DEBUG\XXHASH.OBJ
F:\VS2012_PROJECT\HUIBEN2_0\DEBUG\TRAN.ILK
F:\VS2012_PROJECT\HUIBEN2_0\DEBUG\TRAN.EXE
F:\VS2012_PROJECT\HUIBEN2_0\DEBUG\TRAN.PDB
F:\VS2012_project\huiben2_0\tran\Debug\c_bmp.obj
F:\VS2012_project\huiben2_0\tran\Debug\hanmmingmatch.obj
F:\VS2012_project\huiben2_0\tran\Debug\ImageConverter.obj
F:\VS2012_project\huiben2_0\tran\Debug\Imagehalfsample.obj
F:\VS2012_project\huiben2_0\tran\Debug\matchDestination_main.obj
F:\VS2012_project\huiben2_0\tran\Debug\matchWithImageshow.obj
F:\VS2012_project\huiben2_0\tran\Debug\pc_dsplib.obj
F:\VS2012_project\huiben2_0\tran\Debug\pc_huiben.obj
F:\VS2012_project\huiben2_0\tran\Debug\picData.obj
F:\VS2012_project\huiben2_0\tran\Debug\resizePIC.obj
F:\VS2012_project\huiben2_0\tran\Debug\trainTemplate_main.obj
F:\VS2012_project\huiben2_0\tran\Debug\tran.obj
F:\VS2012_project\huiben2_0\tran\Debug\xxhash.obj
F:\VS2012_project\huiben2_0\tran\Debug\cl.command.1.tlog
F:\VS2012_project\huiben2_0\tran\Debug\CL.read.1.tlog
F:\VS2012_project\huiben2_0\tran\Debug\CL.write.1.tlog
F:\VS2012_project\huiben2_0\tran\Debug\link-cvtres.read.1.tlog
F:\VS2012_project\huiben2_0\tran\Debug\link-cvtres.write.1.tlog
F:\VS2012_project\huiben2_0\tran\Debug\link-rc.read.1.tlog
F:\VS2012_project\huiben2_0\tran\Debug\link-rc.write.1.tlog
F:\VS2012_project\huiben2_0\tran\Debug\link.command.1.tlog
F:\VS2012_project\huiben2_0\tran\Debug\link.read.1.tlog
F:\VS2012_project\huiben2_0\tran\Debug\link.write.1.tlog
F:\VS2012_project\huiben2_0\tran\Debug\vc110.idb
F:\VS2012_project\huiben2_0\tran\Debug\vc110.pdb
F:\VS2012_project\huiben2_0\Debug\tran.pdb
F:\VS2012_project\huiben2_0\Debug\tran.exe
F:\VS2012_project\huiben2_0\Debug\tran.ilk
