F:\VS2012_PROJECT\HUIBEN2_0\TWAKAZE\DEBUG\AKAZEFEATURES.OBJ
F:\VS2012_PROJECT\HUIBEN2_0\TWAKAZE\DEBUG\ALLOC.OBJ
F:\VS2012_PROJECT\HUIBEN2_0\TWAKAZE\DEBUG\ARITHM.OBJ
F:\VS2012_PROJECT\HUIBEN2_0\TWAKAZE\DEBUG\CONVERT.OBJ
F:\VS2012_PROJECT\HUIBEN2_0\TWAKAZE\DEBUG\COPY.OBJ
F:\VS2012_PROJECT\HUIBEN2_0\TWAKAZE\DEBUG\CORE_TABLES.OBJ
F:\VS2012_PROJECT\HUIBEN2_0\TWAKAZE\DEBUG\MATMUL.OBJ
F:\VS2012_PROJECT\HUIBEN2_0\TWAKAZE\DEBUG\MATOP.OBJ
F:\VS2012_PROJECT\HUIBEN2_0\TWAKAZE\DEBUG\MATRIX.OBJ
F:\VS2012_PROJECT\HUIBEN2_0\TWAKAZE\DEBUG\PARALLEL.OBJ
F:\VS2012_PROJECT\HUIBEN2_0\TWAKAZE\DEBUG\SYSTEM.OBJ
F:\VS2012_PROJECT\HUIBEN2_0\TWAKAZE\DEBUG\DERIV.OBJ
F:\VS2012_PROJECT\HUIBEN2_0\TWAKAZE\DEBUG\FILTER.OBJ
F:\VS2012_PROJECT\HUIBEN2_0\TWAKAZE\DEBUG\SMOOTH.OBJ
F:\VS2012_PROJECT\HUIBEN2_0\TWAKAZE\DEBUG\TABLES.OBJ
F:\VS2012_PROJECT\HUIBEN2_0\TWAKAZE\DEBUG\NLDIFFUSION_FUNCTIONS.OBJ
F:\VS2012_PROJECT\HUIBEN2_0\TWAKAZE\DEBUG\VC110.PDB
F:\VS2012_PROJECT\HUIBEN2_0\DEBUG\TWAKAZE.LIB
F:\VS2012_project\huiben2_0\twakaze\Debug\AKAZEFeatures.obj
F:\VS2012_project\huiben2_0\twakaze\Debug\alloc.obj
F:\VS2012_project\huiben2_0\twakaze\Debug\arithm.obj
F:\VS2012_project\huiben2_0\twakaze\Debug\convert.obj
F:\VS2012_project\huiben2_0\twakaze\Debug\copy.obj
F:\VS2012_project\huiben2_0\twakaze\Debug\core_tables.obj
F:\VS2012_project\huiben2_0\twakaze\Debug\deriv.obj
F:\VS2012_project\huiben2_0\twakaze\Debug\filter.obj
F:\VS2012_project\huiben2_0\twakaze\Debug\matmul.obj
F:\VS2012_project\huiben2_0\twakaze\Debug\matop.obj
F:\VS2012_project\huiben2_0\twakaze\Debug\matrix.obj
F:\VS2012_project\huiben2_0\twakaze\Debug\nldiffusion_functions.obj
F:\VS2012_project\huiben2_0\twakaze\Debug\parallel.obj
F:\VS2012_project\huiben2_0\twakaze\Debug\smooth.obj
F:\VS2012_project\huiben2_0\twakaze\Debug\system.obj
F:\VS2012_project\huiben2_0\twakaze\Debug\tables.obj
F:\VS2012_project\huiben2_0\twakaze\Debug\cl.command.1.tlog
F:\VS2012_project\huiben2_0\twakaze\Debug\CL.read.1.tlog
F:\VS2012_project\huiben2_0\twakaze\Debug\CL.write.1.tlog
F:\VS2012_project\huiben2_0\twakaze\Debug\Lib-link.read.1.tlog
F:\VS2012_project\huiben2_0\twakaze\Debug\Lib-link.write.1.tlog
F:\VS2012_project\huiben2_0\twakaze\Debug\lib.command.1.tlog
F:\VS2012_project\huiben2_0\twakaze\Debug\vc110.idb
F:\VS2012_project\huiben2_0\twakaze\Debug\vc110.pdb
F:\VS2012_project\huiben2_0\Debug\twakaze.lib
