生成启动时间为 2019/4/9 16:47:48。
     1>项目“F:\VS2012_project\huiben2_0\twakaze\twakaze.vcxproj”在节点 2 上(Rebuild 个目标)。
     1>ClCompile:
         F:\Program Files (x86)\Microsoft Visual Studio 11.0\VC\bin\CL.exe /c /ZI /nologo /W3 /WX- /sdl /Od /Oy- /D WIN32 /D _DEBUG /D _LIB /D _UNICODE /D UNICODE /Gm /EHsc /RTC1 /MDd /GS /fp:precise /Zc:wchar_t /Zc:forScope /Fo"Debug\\" /Fd"Debug\vc110.pdb" /Gd /TP /analyze- /errorReport:prompt ..\source\twakaze\AKAZEFeatures.cpp ..\source\twakaze\core\alloc.cpp ..\source\twakaze\core\arithm.cpp ..\source\twakaze\core\convert.cpp ..\source\twakaze\core\copy.cpp ..\source\twakaze\core\core_tables.cpp ..\source\twakaze\core\matmul.cpp ..\source\twakaze\core\matop.cpp ..\source\twakaze\core\matrix.cpp ..\source\twakaze\core\parallel.cpp ..\source\twakaze\core\system.cpp ..\source\twakaze\img\deriv.cpp ..\source\twakaze\img\filter.cpp ..\source\twakaze\img\smooth.cpp ..\source\twakaze\img\tables.cpp ..\source\twakaze\nldiffusion_functions.cpp
         nldiffusion_functions.cpp
         tables.cpp
         smooth.cpp
         filter.cpp
         deriv.cpp
         system.cpp
         parallel.cpp
         matrix.cpp
         matop.cpp
         matmul.cpp
         core_tables.cpp
         copy.cpp
         convert.cpp
         arithm.cpp
         alloc.cpp
         AKAZEFeatures.cpp
         正在生成代码...
       Lib:
         F:\Program Files (x86)\Microsoft Visual Studio 11.0\VC\bin\Lib.exe /OUT:"F:\VS2012_project\huiben2_0\Debug\twakaze.lib" /NOLOGO Debug\AKAZEFeatures.obj
         Debug\alloc.obj
         Debug\arithm.obj
         Debug\convert.obj
         Debug\copy.obj
         Debug\core_tables.obj
         Debug\matmul.obj
         Debug\matop.obj
         Debug\matrix.obj
         Debug\parallel.obj
         Debug\system.obj
         Debug\deriv.obj
         Debug\filter.obj
         Debug\smooth.obj
         Debug\tables.obj
         Debug\nldiffusion_functions.obj
         twakaze.vcxproj -> F:\VS2012_project\huiben2_0\Debug\twakaze.lib
     1>已完成生成项目“F:\VS2012_project\huiben2_0\twakaze\twakaze.vcxproj”(Rebuild 个目标)的操作。

生成成功。

已用时间 00:00:16.88
